<?xml version="1.0" encoding="UTF-8"?>
<testng-results ignored="0" total="1" passed="1" failed="0" skipped="0">
  <reporter-output>
  </reporter-output>
  <suite started-at="2023-05-25T17:58:05 ICT" name="Default suite" finished-at="2023-05-25T17:58:19 ICT" duration-ms="13303">
    <groups>
    </groups>
    <test started-at="2023-05-25T17:58:05 ICT" name="Default test" finished-at="2023-05-25T17:58:19 ICT" duration-ms="13303">
      <class name="tests.TextBoxTest">
        <test-method signature="submitSuccessfully(java.lang.String,java.lang.String,java.lang.String,java.lang.String)[pri:0, instance:tests.TextBoxTest@32b260fa]" started-at="2023-05-25T17:58:05 ICT" name="submitSuccessfully" description="TC1 - Submit successfully" data-provider="InputData" finished-at="2023-05-25T17:58:19 ICT" duration-ms="13252" status="PASS">
          <params>
            <param index="0">
              <value>
                <![CDATA[Hien]]>
              </value>
            </param>
            <param index="1">
              <value>
                <![CDATA[hien@gmail.com]]>
              </value>
            </param>
            <param index="2">
              <value>
                <![CDATA[Đông Anh]]>
              </value>
            </param>
            <param index="3">
              <value>
                <![CDATA[Hà nội - Việt Nam]]>
              </value>
            </param>
          </params>
          <reporter-output>
          </reporter-output>
        </test-method> <!-- submitSuccessfully -->
      </class> <!-- tests.TextBoxTest -->
    </test> <!-- Default test -->
  </suite> <!-- Default suite -->
</testng-results>
